build/app/intermediates/manifest_merge_blame_file/release/manifest-merger-blame-release-report.txt
1<?xml version="1.0" encoding="utf-8"?>
2<manifest xmlns:android="http://schemas.android.com/apk/res/android"
3    package="com.livingspark.living_menu_mobile"
4    android:versionCode="1"
5    android:versionName="1.0.0" >
6
7    <uses-sdk
8        android:minSdkVersion="24"
8-->src/main/AndroidManifest.xml
9        android:targetSdkVersion="35" />
9-->src/main/AndroidManifest.xml
10
11    <uses-permission android:name="android.permission.INTERNET" />
11-->src/main/AndroidManifest.xml:3:5-67
11-->src/main/AndroidManifest.xml:3:22-64
12    <uses-permission android:name="android.permission.ACCESS_NETWORK_STATE" />
12-->src/main/AndroidManifest.xml:4:5-79
12-->src/main/AndroidManifest.xml:4:22-76
13    <uses-permission android:name="android.permission.CAMERA" />
13-->src/main/AndroidManifest.xml:5:5-65
13-->src/main/AndroidManifest.xml:5:22-62
14    <uses-permission android:name="android.permission.ACCESS_FINE_LOCATION" />
14-->src/main/AndroidManifest.xml:6:5-78
14-->src/main/AndroidManifest.xml:6:22-76
15    <uses-permission android:name="android.permission.ACCESS_COARSE_LOCATION" />
15-->src/main/AndroidManifest.xml:7:5-80
15-->src/main/AndroidManifest.xml:7:22-78
16    <uses-permission android:name="android.permission.ACCESS_BACKGROUND_LOCATION" />
16-->src/main/AndroidManifest.xml:8:5-84
16-->src/main/AndroidManifest.xml:8:22-82
17    <!--
18         Required to query activities that can process text, see:
19         https://developer.android.com/training/package-visibility?hl=en and
20         https://developer.android.com/reference/android/content/Intent#ACTION_PROCESS_TEXT.
21
22         In particular, this is used by the Flutter engine in io.flutter.plugin.text.ProcessTextPlugin.
23    -->
24    <queries>
24-->src/main/AndroidManifest.xml:52:5-57:15
25        <intent>
25-->src/main/AndroidManifest.xml:53:9-56:18
26            <action android:name="android.intent.action.PROCESS_TEXT" />
26-->src/main/AndroidManifest.xml:54:13-72
26-->src/main/AndroidManifest.xml:54:21-70
27
28            <data android:mimeType="text/plain" />
28-->src/main/AndroidManifest.xml:55:13-50
28-->src/main/AndroidManifest.xml:55:19-48
29        </intent>
30        <intent>
30-->[com.razorpay:standard-core:1.6.46] AndroidManifest.xml:11:9-17:18
31            <action android:name="android.intent.action.VIEW" />
31-->[com.razorpay:standard-core:1.6.46] AndroidManifest.xml:12:13-65
31-->[com.razorpay:standard-core:1.6.46] AndroidManifest.xml:12:21-62
32
33            <data
33-->src/main/AndroidManifest.xml:55:13-50
34                android:mimeType="*/*"
34-->src/main/AndroidManifest.xml:55:19-48
35                android:scheme="*" />
36        </intent>
37        <intent>
37-->[com.razorpay:standard-core:1.6.46] AndroidManifest.xml:18:9-27:18
38            <action android:name="android.intent.action.VIEW" />
38-->[com.razorpay:standard-core:1.6.46] AndroidManifest.xml:12:13-65
38-->[com.razorpay:standard-core:1.6.46] AndroidManifest.xml:12:21-62
39
40            <category android:name="android.intent.category.BROWSABLE" />
40-->[com.razorpay:standard-core:1.6.46] AndroidManifest.xml:21:13-74
40-->[com.razorpay:standard-core:1.6.46] AndroidManifest.xml:21:23-71
41
42            <data
42-->src/main/AndroidManifest.xml:55:13-50
43                android:host="pay"
44                android:mimeType="*/*"
44-->src/main/AndroidManifest.xml:55:19-48
45                android:scheme="upi" />
46        </intent>
47        <intent>
47-->[com.razorpay:standard-core:1.6.46] AndroidManifest.xml:28:9-30:18
48            <action android:name="android.intent.action.MAIN" />
48-->src/main/AndroidManifest.xml:32:17-68
48-->src/main/AndroidManifest.xml:32:25-66
49        </intent>
50        <intent>
50-->[com.razorpay:standard-core:1.6.46] AndroidManifest.xml:31:9-35:18
51            <action android:name="android.intent.action.SEND" />
51-->[com.razorpay:standard-core:1.6.46] AndroidManifest.xml:32:13-65
51-->[com.razorpay:standard-core:1.6.46] AndroidManifest.xml:32:21-62
52
53            <data android:mimeType="*/*" />
53-->src/main/AndroidManifest.xml:55:13-50
53-->src/main/AndroidManifest.xml:55:19-48
54        </intent>
55        <intent>
55-->[com.razorpay:standard-core:1.6.46] AndroidManifest.xml:36:9-38:18
56            <action android:name="rzp.device_token.share" />
56-->[com.razorpay:standard-core:1.6.46] AndroidManifest.xml:37:13-61
56-->[com.razorpay:standard-core:1.6.46] AndroidManifest.xml:37:21-58
57        </intent> <!-- Needs to be explicitly declared on Android R+ -->
58        <package android:name="com.google.android.apps.maps" />
58-->[com.google.android.gms:play-services-maps:18.2.0] AndroidManifest.xml:33:9-64
58-->[com.google.android.gms:play-services-maps:18.2.0] AndroidManifest.xml:33:18-61
59    </queries>
60
61    <uses-permission android:name="android.permission.WAKE_LOCK" /> <!-- Permissions options for the `notification` group -->
61-->[:firebase_messaging] AndroidManifest.xml:8:5-68
61-->[:firebase_messaging] AndroidManifest.xml:8:22-65
62    <uses-permission android:name="android.permission.POST_NOTIFICATIONS" />
62-->[:firebase_messaging] AndroidManifest.xml:11:5-77
62-->[:firebase_messaging] AndroidManifest.xml:11:22-74
63
64    <uses-feature
64-->[:mobile_scanner] AndroidManifest.xml:9:5-11:36
65        android:name="android.hardware.camera"
65-->[:mobile_scanner] AndroidManifest.xml:10:9-47
66        android:required="false" /> <!-- Required by older versions of Google Play services to create IID tokens -->
66-->[:mobile_scanner] AndroidManifest.xml:11:9-33
67    <uses-permission android:name="com.google.android.c2dm.permission.RECEIVE" />
67-->[com.google.firebase:firebase-messaging:24.1.0] AndroidManifest.xml:26:5-82
67-->[com.google.firebase:firebase-messaging:24.1.0] AndroidManifest.xml:26:22-79
68    <uses-permission android:name="com.google.android.gms.permission.AD_ID" />
68-->[com.google.android.gms:play-services-measurement-api:22.1.2] AndroidManifest.xml:25:5-79
68-->[com.google.android.gms:play-services-measurement-api:22.1.2] AndroidManifest.xml:25:22-76
69    <uses-permission android:name="android.permission.ACCESS_ADSERVICES_ATTRIBUTION" />
69-->[com.google.android.gms:play-services-measurement-api:22.1.2] AndroidManifest.xml:26:5-88
69-->[com.google.android.gms:play-services-measurement-api:22.1.2] AndroidManifest.xml:26:22-85
70    <uses-permission android:name="android.permission.ACCESS_ADSERVICES_AD_ID" />
70-->[com.google.android.gms:play-services-measurement-api:22.1.2] AndroidManifest.xml:27:5-82
70-->[com.google.android.gms:play-services-measurement-api:22.1.2] AndroidManifest.xml:27:22-79
71
72    <uses-feature
72-->[com.google.android.gms:play-services-maps:18.2.0] AndroidManifest.xml:26:5-28:35
73        android:glEsVersion="0x00020000"
73-->[com.google.android.gms:play-services-maps:18.2.0] AndroidManifest.xml:27:9-41
74        android:required="true" />
74-->[com.google.android.gms:play-services-maps:18.2.0] AndroidManifest.xml:28:9-32
75
76    <uses-permission android:name="com.google.android.finsky.permission.BIND_GET_INSTALL_REFERRER_SERVICE" />
76-->[com.google.android.gms:play-services-measurement:22.1.2] AndroidManifest.xml:26:5-110
76-->[com.google.android.gms:play-services-measurement:22.1.2] AndroidManifest.xml:26:22-107
77
78    <permission
78-->[androidx.core:core:1.13.1] AndroidManifest.xml:22:5-24:47
79        android:name="com.livingspark.living_menu_mobile.DYNAMIC_RECEIVER_NOT_EXPORTED_PERMISSION"
79-->[androidx.core:core:1.13.1] AndroidManifest.xml:23:9-81
80        android:protectionLevel="signature" />
80-->[androidx.core:core:1.13.1] AndroidManifest.xml:24:9-44
81
82    <uses-permission android:name="com.livingspark.living_menu_mobile.DYNAMIC_RECEIVER_NOT_EXPORTED_PERMISSION" />
82-->[androidx.core:core:1.13.1] AndroidManifest.xml:26:5-97
82-->[androidx.core:core:1.13.1] AndroidManifest.xml:26:22-94
83
84    <application
85        android:name="android.app.Application"
85-->src/main/AndroidManifest.xml:12:9-42
86        android:appComponentFactory="androidx.core.app.CoreComponentFactory"
86-->[androidx.core:core:1.13.1] AndroidManifest.xml:28:18-86
87        android:extractNativeLibs="false"
88        android:icon="@mipmap/ic_launcher"
88-->src/main/AndroidManifest.xml:13:9-43
89        android:label="living_menu_mobile" >
89-->src/main/AndroidManifest.xml:11:9-43
90        <activity
90-->src/main/AndroidManifest.xml:14:9-35:20
91            android:name="com.livingspark.living_menu_mobile.MainActivity"
91-->src/main/AndroidManifest.xml:15:13-41
92            android:configChanges="orientation|keyboardHidden|keyboard|screenSize|smallestScreenSize|locale|layoutDirection|fontScale|screenLayout|density|uiMode"
92-->src/main/AndroidManifest.xml:19:13-163
93            android:enableOnBackInvokedCallback="true"
93-->src/main/AndroidManifest.xml:21:13-55
94            android:exported="true"
94-->src/main/AndroidManifest.xml:16:13-36
95            android:hardwareAccelerated="true"
95-->src/main/AndroidManifest.xml:20:13-47
96            android:launchMode="singleTop"
96-->src/main/AndroidManifest.xml:17:13-43
97            android:theme="@style/LaunchTheme"
97-->src/main/AndroidManifest.xml:18:13-47
98            android:windowSoftInputMode="adjustResize" >
98-->src/main/AndroidManifest.xml:22:13-55
99
100            <!--
101                 Specifies an Android theme to apply to this Activity as soon as
102                 the Android process has started. This theme is visible to the user
103                 while the Flutter UI initializes. After that, this theme continues
104                 to determine the Window background behind the Flutter UI.
105            -->
106            <meta-data
106-->src/main/AndroidManifest.xml:27:13-30:17
107                android:name="io.flutter.embedding.android.NormalTheme"
107-->src/main/AndroidManifest.xml:28:15-70
108                android:resource="@style/NormalTheme" />
108-->src/main/AndroidManifest.xml:29:15-52
109
110            <intent-filter>
110-->src/main/AndroidManifest.xml:31:13-34:29
111                <action android:name="android.intent.action.MAIN" />
111-->src/main/AndroidManifest.xml:32:17-68
111-->src/main/AndroidManifest.xml:32:25-66
112
113                <category android:name="android.intent.category.LAUNCHER" />
113-->src/main/AndroidManifest.xml:33:17-76
113-->src/main/AndroidManifest.xml:33:27-74
114            </intent-filter>
115        </activity>
116        <!--
117             Don't delete the meta-data below.
118             This is used by the Flutter tool to generate GeneratedPluginRegistrant.java
119        -->
120        <meta-data
120-->src/main/AndroidManifest.xml:38:9-40:33
121            android:name="flutterEmbedding"
121-->src/main/AndroidManifest.xml:39:13-44
122            android:value="2" />
122-->src/main/AndroidManifest.xml:40:13-30
123        <meta-data
123-->src/main/AndroidManifest.xml:42:9-44:71
124            android:name="com.google.android.geo.API_KEY"
124-->src/main/AndroidManifest.xml:43:13-58
125            android:value="AIzaSyDXPhCvWthejvwJXy9pKfxLI3XprroHjzA" />
125-->src/main/AndroidManifest.xml:44:13-68
126
127        <service
127-->[:firebase_messaging] AndroidManifest.xml:14:9-17:72
128            android:name="io.flutter.plugins.firebase.messaging.FlutterFirebaseMessagingBackgroundService"
128-->[:firebase_messaging] AndroidManifest.xml:15:13-107
129            android:exported="false"
129-->[:firebase_messaging] AndroidManifest.xml:16:13-37
130            android:permission="android.permission.BIND_JOB_SERVICE" />
130-->[:firebase_messaging] AndroidManifest.xml:17:13-69
131        <service
131-->[:firebase_messaging] AndroidManifest.xml:18:9-24:19
132            android:name="io.flutter.plugins.firebase.messaging.FlutterFirebaseMessagingService"
132-->[:firebase_messaging] AndroidManifest.xml:19:13-97
133            android:exported="false" >
133-->[:firebase_messaging] AndroidManifest.xml:20:13-37
134            <intent-filter>
134-->[:firebase_messaging] AndroidManifest.xml:21:13-23:29
135                <action android:name="com.google.firebase.MESSAGING_EVENT" />
135-->[:firebase_messaging] AndroidManifest.xml:22:17-78
135-->[:firebase_messaging] AndroidManifest.xml:22:25-75
136            </intent-filter>
137        </service>
138
139        <receiver
139-->[:firebase_messaging] AndroidManifest.xml:26:9-33:20
140            android:name="io.flutter.plugins.firebase.messaging.FlutterFirebaseMessagingReceiver"
140-->[:firebase_messaging] AndroidManifest.xml:27:13-98
141            android:exported="true"
141-->[:firebase_messaging] AndroidManifest.xml:28:13-36
142            android:permission="com.google.android.c2dm.permission.SEND" >
142-->[:firebase_messaging] AndroidManifest.xml:29:13-73
143            <intent-filter>
143-->[:firebase_messaging] AndroidManifest.xml:30:13-32:29
144                <action android:name="com.google.android.c2dm.intent.RECEIVE" />
144-->[:firebase_messaging] AndroidManifest.xml:31:17-81
144-->[:firebase_messaging] AndroidManifest.xml:31:25-78
145            </intent-filter>
146        </receiver>
147
148        <service
148-->[:firebase_messaging] AndroidManifest.xml:35:9-39:19
149            android:name="com.google.firebase.components.ComponentDiscoveryService"
149-->[:firebase_messaging] AndroidManifest.xml:35:18-89
150            android:directBootAware="true"
150-->[com.google.firebase:firebase-common:21.0.0] AndroidManifest.xml:32:13-43
151            android:exported="false" >
151-->[com.google.firebase:firebase-messaging:24.1.0] AndroidManifest.xml:56:13-37
152            <meta-data
152-->[:firebase_messaging] AndroidManifest.xml:36:13-38:85
153                android:name="com.google.firebase.components:io.flutter.plugins.firebase.messaging.FlutterFirebaseAppRegistrar"
153-->[:firebase_messaging] AndroidManifest.xml:37:17-128
154                android:value="com.google.firebase.components.ComponentRegistrar" />
154-->[:firebase_messaging] AndroidManifest.xml:38:17-82
155            <meta-data
155-->[:firebase_core] AndroidManifest.xml:9:13-11:85
156                android:name="com.google.firebase.components:io.flutter.plugins.firebase.core.FlutterFirebaseCoreRegistrar"
156-->[:firebase_core] AndroidManifest.xml:10:17-124
157                android:value="com.google.firebase.components.ComponentRegistrar" />
157-->[:firebase_core] AndroidManifest.xml:11:17-82
158            <meta-data
158-->[com.google.firebase:firebase-messaging:24.1.0] AndroidManifest.xml:57:13-59:85
159                android:name="com.google.firebase.components:com.google.firebase.messaging.FirebaseMessagingKtxRegistrar"
159-->[com.google.firebase:firebase-messaging:24.1.0] AndroidManifest.xml:58:17-122
160                android:value="com.google.firebase.components.ComponentRegistrar" />
160-->[com.google.firebase:firebase-messaging:24.1.0] AndroidManifest.xml:59:17-82
161            <meta-data
161-->[com.google.firebase:firebase-messaging:24.1.0] AndroidManifest.xml:60:13-62:85
162                android:name="com.google.firebase.components:com.google.firebase.messaging.FirebaseMessagingRegistrar"
162-->[com.google.firebase:firebase-messaging:24.1.0] AndroidManifest.xml:61:17-119
163                android:value="com.google.firebase.components.ComponentRegistrar" />
163-->[com.google.firebase:firebase-messaging:24.1.0] AndroidManifest.xml:62:17-82
164            <meta-data
164-->[com.google.android.gms:play-services-measurement-api:22.1.2] AndroidManifest.xml:37:13-39:85
165                android:name="com.google.firebase.components:com.google.firebase.analytics.connector.internal.AnalyticsConnectorRegistrar"
165-->[com.google.android.gms:play-services-measurement-api:22.1.2] AndroidManifest.xml:38:17-139
166                android:value="com.google.firebase.components.ComponentRegistrar" />
166-->[com.google.android.gms:play-services-measurement-api:22.1.2] AndroidManifest.xml:39:17-82
167            <meta-data
167-->[com.google.firebase:firebase-installations:18.0.0] AndroidManifest.xml:15:13-17:85
168                android:name="com.google.firebase.components:com.google.firebase.installations.FirebaseInstallationsKtxRegistrar"
168-->[com.google.firebase:firebase-installations:18.0.0] AndroidManifest.xml:16:17-130
169                android:value="com.google.firebase.components.ComponentRegistrar" />
169-->[com.google.firebase:firebase-installations:18.0.0] AndroidManifest.xml:17:17-82
170            <meta-data
170-->[com.google.firebase:firebase-installations:18.0.0] AndroidManifest.xml:18:13-20:85
171                android:name="com.google.firebase.components:com.google.firebase.installations.FirebaseInstallationsRegistrar"
171-->[com.google.firebase:firebase-installations:18.0.0] AndroidManifest.xml:19:17-127
172                android:value="com.google.firebase.components.ComponentRegistrar" />
172-->[com.google.firebase:firebase-installations:18.0.0] AndroidManifest.xml:20:17-82
173            <meta-data
173-->[com.google.firebase:firebase-common-ktx:21.0.0] AndroidManifest.xml:12:13-14:85
174                android:name="com.google.firebase.components:com.google.firebase.ktx.FirebaseCommonLegacyRegistrar"
174-->[com.google.firebase:firebase-common-ktx:21.0.0] AndroidManifest.xml:13:17-116
175                android:value="com.google.firebase.components.ComponentRegistrar" />
175-->[com.google.firebase:firebase-common-ktx:21.0.0] AndroidManifest.xml:14:17-82
176            <meta-data
176-->[com.google.firebase:firebase-common:21.0.0] AndroidManifest.xml:35:13-37:85
177                android:name="com.google.firebase.components:com.google.firebase.FirebaseCommonKtxRegistrar"
177-->[com.google.firebase:firebase-common:21.0.0] AndroidManifest.xml:36:17-109
178                android:value="com.google.firebase.components.ComponentRegistrar" />
178-->[com.google.firebase:firebase-common:21.0.0] AndroidManifest.xml:37:17-82
179            <meta-data
179-->[com.google.firebase:firebase-datatransport:18.2.0] AndroidManifest.xml:25:13-27:85
180                android:name="com.google.firebase.components:com.google.firebase.datatransport.TransportRegistrar"
180-->[com.google.firebase:firebase-datatransport:18.2.0] AndroidManifest.xml:26:17-115
181                android:value="com.google.firebase.components.ComponentRegistrar" />
181-->[com.google.firebase:firebase-datatransport:18.2.0] AndroidManifest.xml:27:17-82
182        </service>
183
184        <provider
184-->[:firebase_messaging] AndroidManifest.xml:41:9-45:38
185            android:name="io.flutter.plugins.firebase.messaging.FlutterFirebaseMessagingInitProvider"
185-->[:firebase_messaging] AndroidManifest.xml:42:13-102
186            android:authorities="com.livingspark.living_menu_mobile.flutterfirebasemessaginginitprovider"
186-->[:firebase_messaging] AndroidManifest.xml:43:13-88
187            android:exported="false"
187-->[:firebase_messaging] AndroidManifest.xml:44:13-37
188            android:initOrder="99" />
188-->[:firebase_messaging] AndroidManifest.xml:45:13-35
189
190        <service
190-->[:geolocator_android] AndroidManifest.xml:8:9-12:56
191            android:name="com.baseflow.geolocator.GeolocatorLocationService"
191-->[:geolocator_android] AndroidManifest.xml:9:13-77
192            android:enabled="true"
192-->[:geolocator_android] AndroidManifest.xml:10:13-35
193            android:exported="false"
193-->[:geolocator_android] AndroidManifest.xml:11:13-37
194            android:foregroundServiceType="location" />
194-->[:geolocator_android] AndroidManifest.xml:12:13-53
195
196        <receiver
196-->[com.google.firebase:firebase-messaging:24.1.0] AndroidManifest.xml:29:9-40:20
197            android:name="com.google.firebase.iid.FirebaseInstanceIdReceiver"
197-->[com.google.firebase:firebase-messaging:24.1.0] AndroidManifest.xml:30:13-78
198            android:exported="true"
198-->[com.google.firebase:firebase-messaging:24.1.0] AndroidManifest.xml:31:13-36
199            android:permission="com.google.android.c2dm.permission.SEND" >
199-->[com.google.firebase:firebase-messaging:24.1.0] AndroidManifest.xml:32:13-73
200            <intent-filter>
200-->[:firebase_messaging] AndroidManifest.xml:30:13-32:29
201                <action android:name="com.google.android.c2dm.intent.RECEIVE" />
201-->[:firebase_messaging] AndroidManifest.xml:31:17-81
201-->[:firebase_messaging] AndroidManifest.xml:31:25-78
202            </intent-filter>
203
204            <meta-data
204-->[com.google.firebase:firebase-messaging:24.1.0] AndroidManifest.xml:37:13-39:40
205                android:name="com.google.android.gms.cloudmessaging.FINISHED_AFTER_HANDLED"
205-->[com.google.firebase:firebase-messaging:24.1.0] AndroidManifest.xml:38:17-92
206                android:value="true" />
206-->[com.google.firebase:firebase-messaging:24.1.0] AndroidManifest.xml:39:17-37
207        </receiver>
208        <!--
209             FirebaseMessagingService performs security checks at runtime,
210             but set to not exported to explicitly avoid allowing another app to call it.
211        -->
212        <service
212-->[com.google.firebase:firebase-messaging:24.1.0] AndroidManifest.xml:46:9-53:19
213            android:name="com.google.firebase.messaging.FirebaseMessagingService"
213-->[com.google.firebase:firebase-messaging:24.1.0] AndroidManifest.xml:47:13-82
214            android:directBootAware="true"
214-->[com.google.firebase:firebase-messaging:24.1.0] AndroidManifest.xml:48:13-43
215            android:exported="false" >
215-->[com.google.firebase:firebase-messaging:24.1.0] AndroidManifest.xml:49:13-37
216            <intent-filter android:priority="-500" >
216-->[:firebase_messaging] AndroidManifest.xml:21:13-23:29
217                <action android:name="com.google.firebase.MESSAGING_EVENT" />
217-->[:firebase_messaging] AndroidManifest.xml:22:17-78
217-->[:firebase_messaging] AndroidManifest.xml:22:25-75
218            </intent-filter>
219        </service>
220
221        <property
221-->[com.google.android.gms:play-services-measurement-api:22.1.2] AndroidManifest.xml:30:9-32:61
222            android:name="android.adservices.AD_SERVICES_CONFIG"
222-->[com.google.android.gms:play-services-measurement-api:22.1.2] AndroidManifest.xml:31:13-65
223            android:resource="@xml/ga_ad_services_config" />
223-->[com.google.android.gms:play-services-measurement-api:22.1.2] AndroidManifest.xml:32:13-58
224
225        <provider
225-->[com.google.firebase:firebase-common:21.0.0] AndroidManifest.xml:23:9-28:39
226            android:name="com.google.firebase.provider.FirebaseInitProvider"
226-->[com.google.firebase:firebase-common:21.0.0] AndroidManifest.xml:24:13-77
227            android:authorities="com.livingspark.living_menu_mobile.firebaseinitprovider"
227-->[com.google.firebase:firebase-common:21.0.0] AndroidManifest.xml:25:13-72
228            android:directBootAware="true"
228-->[com.google.firebase:firebase-common:21.0.0] AndroidManifest.xml:26:13-43
229            android:exported="false"
229-->[com.google.firebase:firebase-common:21.0.0] AndroidManifest.xml:27:13-37
230            android:initOrder="100" />
230-->[com.google.firebase:firebase-common:21.0.0] AndroidManifest.xml:28:13-36
231
232        <receiver
232-->[com.razorpay:standard-core:1.6.46] AndroidManifest.xml:42:9-49:20
233            android:name="com.razorpay.RzpTokenReceiver"
233-->[com.razorpay:standard-core:1.6.46] AndroidManifest.xml:43:13-57
234            android:exported="true" >
234-->[com.razorpay:standard-core:1.6.46] AndroidManifest.xml:44:13-36
235            <intent-filter>
235-->[com.razorpay:standard-core:1.6.46] AndroidManifest.xml:46:13-48:29
236                <action android:name="rzp.device_token.share" />
236-->[com.razorpay:standard-core:1.6.46] AndroidManifest.xml:37:13-61
236-->[com.razorpay:standard-core:1.6.46] AndroidManifest.xml:37:21-58
237            </intent-filter>
238        </receiver>
239
240        <activity
240-->[com.razorpay:standard-core:1.6.46] AndroidManifest.xml:51:9-59:20
241            android:name="com.razorpay.CheckoutActivity"
241-->[com.razorpay:standard-core:1.6.46] AndroidManifest.xml:52:13-57
242            android:configChanges="keyboard|keyboardHidden|orientation|screenSize"
242-->[com.razorpay:standard-core:1.6.46] AndroidManifest.xml:53:13-83
243            android:exported="false"
243-->[com.razorpay:standard-core:1.6.46] AndroidManifest.xml:54:13-37
244            android:theme="@style/CheckoutTheme" >
244-->[com.razorpay:standard-core:1.6.46] AndroidManifest.xml:55:13-49
245            <intent-filter>
245-->[com.razorpay:standard-core:1.6.46] AndroidManifest.xml:56:13-58:29
246                <action android:name="android.intent.action.MAIN" />
246-->src/main/AndroidManifest.xml:32:17-68
246-->src/main/AndroidManifest.xml:32:25-66
247            </intent-filter>
248        </activity>
249
250        <provider
250-->[com.razorpay:standard-core:1.6.46] AndroidManifest.xml:61:9-69:20
251            android:name="androidx.startup.InitializationProvider"
251-->[com.razorpay:standard-core:1.6.46] AndroidManifest.xml:62:13-67
252            android:authorities="com.livingspark.living_menu_mobile.androidx-startup"
252-->[com.razorpay:standard-core:1.6.46] AndroidManifest.xml:63:13-68
253            android:exported="false" >
253-->[com.razorpay:standard-core:1.6.46] AndroidManifest.xml:64:13-37
254            <meta-data
254-->[com.razorpay:standard-core:1.6.46] AndroidManifest.xml:66:13-68:52
255                android:name="com.razorpay.RazorpayInitializer"
255-->[com.razorpay:standard-core:1.6.46] AndroidManifest.xml:67:17-64
256                android:value="androidx.startup" />
256-->[com.razorpay:standard-core:1.6.46] AndroidManifest.xml:68:17-49
257            <meta-data
257-->[androidx.lifecycle:lifecycle-process:2.7.0] AndroidManifest.xml:29:13-31:52
258                android:name="androidx.lifecycle.ProcessLifecycleInitializer"
258-->[androidx.lifecycle:lifecycle-process:2.7.0] AndroidManifest.xml:30:17-78
259                android:value="androidx.startup" />
259-->[androidx.lifecycle:lifecycle-process:2.7.0] AndroidManifest.xml:31:17-49
260            <meta-data
260-->[androidx.profileinstaller:profileinstaller:1.3.1] AndroidManifest.xml:29:13-31:52
261                android:name="androidx.profileinstaller.ProfileInstallerInitializer"
261-->[androidx.profileinstaller:profileinstaller:1.3.1] AndroidManifest.xml:30:17-85
262                android:value="androidx.startup" />
262-->[androidx.profileinstaller:profileinstaller:1.3.1] AndroidManifest.xml:31:17-49
263        </provider>
264
265        <activity
265-->[com.razorpay:standard-core:1.6.46] AndroidManifest.xml:71:9-74:75
266            android:name="com.razorpay.MagicXActivity"
266-->[com.razorpay:standard-core:1.6.46] AndroidManifest.xml:72:13-55
267            android:exported="false"
267-->[com.razorpay:standard-core:1.6.46] AndroidManifest.xml:73:13-37
268            android:theme="@android:style/Theme.Translucent.NoTitleBar" />
268-->[com.razorpay:standard-core:1.6.46] AndroidManifest.xml:74:13-72
269
270        <meta-data
270-->[com.razorpay:standard-core:1.6.46] AndroidManifest.xml:76:9-78:58
271            android:name="com.razorpay.plugin.googlepay_all"
271-->[com.razorpay:standard-core:1.6.46] AndroidManifest.xml:77:13-61
272            android:value="com.razorpay.RzpGpayMerged" />
272-->[com.razorpay:standard-core:1.6.46] AndroidManifest.xml:78:13-55
273        <!--
274        Service for holding metadata. Cannot be instantiated.
275        Metadata will be merged from other manifests.
276        -->
277        <service
277-->[androidx.camera:camera-core:1.3.4] AndroidManifest.xml:29:9-33:78
278            android:name="androidx.camera.core.impl.MetadataHolderService"
278-->[androidx.camera:camera-core:1.3.4] AndroidManifest.xml:30:13-75
279            android:enabled="false"
279-->[androidx.camera:camera-core:1.3.4] AndroidManifest.xml:31:13-36
280            android:exported="false" >
280-->[androidx.camera:camera-core:1.3.4] AndroidManifest.xml:32:13-37
281            <meta-data
281-->[androidx.camera:camera-camera2:1.3.4] AndroidManifest.xml:30:13-32:89
282                android:name="androidx.camera.core.impl.MetadataHolderService.DEFAULT_CONFIG_PROVIDER"
282-->[androidx.camera:camera-camera2:1.3.4] AndroidManifest.xml:31:17-103
283                android:value="androidx.camera.camera2.Camera2Config$DefaultProvider" />
283-->[androidx.camera:camera-camera2:1.3.4] AndroidManifest.xml:32:17-86
284        </service>
285
286        <uses-library
286-->[androidx.window:window:1.2.0] AndroidManifest.xml:23:9-25:40
287            android:name="androidx.window.extensions"
287-->[androidx.window:window:1.2.0] AndroidManifest.xml:24:13-54
288            android:required="false" />
288-->[androidx.window:window:1.2.0] AndroidManifest.xml:25:13-37
289        <uses-library
289-->[androidx.window:window:1.2.0] AndroidManifest.xml:26:9-28:40
290            android:name="androidx.window.sidecar"
290-->[androidx.window:window:1.2.0] AndroidManifest.xml:27:13-51
291            android:required="false" />
291-->[androidx.window:window:1.2.0] AndroidManifest.xml:28:13-37
292
293        <service
293-->[com.google.android.gms:play-services-mlkit-barcode-scanning:18.3.0] AndroidManifest.xml:9:9-15:19
294            android:name="com.google.mlkit.common.internal.MlKitComponentDiscoveryService"
294-->[com.google.android.gms:play-services-mlkit-barcode-scanning:18.3.0] AndroidManifest.xml:10:13-91
295            android:directBootAware="true"
295-->[com.google.mlkit:common:18.9.0] AndroidManifest.xml:17:13-43
296            android:exported="false" >
296-->[com.google.android.gms:play-services-mlkit-barcode-scanning:18.3.0] AndroidManifest.xml:11:13-37
297            <meta-data
297-->[com.google.android.gms:play-services-mlkit-barcode-scanning:18.3.0] AndroidManifest.xml:12:13-14:85